<?xml version="1.0" encoding="UTF-8"?>
<!-- Generated by org.testng.reporters.JUnitXMLReporter -->
<testsuite ignored="0" hostname="LAPTOP-EMDLV1KE" failures="2" tests="10" name="Test" time="39.33" errors="0" timestamp="2022-02-17T15:23:04 EST">
  <testcase classname="test.ValidationChrome" name="validateURL" time="0.113"/>
  <testcase classname="test.ValidationChrome" name="validateTitle" time="0.028"/>
  <testcase classname="test.ValidationChrome" name="validateCreateaWishList" time="2.237"/>
  <testcase classname="test.ValidationChrome" name="validateNewReleases" time="2.303"/>
  <testcase classname="test.ValidationChrome" name="validateAmazonCash" time="1.748"/>
  <testcase classname="test.ValidationChrome" name="invalidEmailInvalidPassword" time="4.554"/>
  <testcase classname="test.ValidationChrome" name="validEmailValidPassword" time="4.915"/>
  <testcase classname="test.ValidationChrome" name="validateMobilePrice" time="7.459"/>
  <testcase classname="test.ValidationChrome" name="validateDeliveryPincode" time="3.906">
    <failure type="java.lang.AssertionError" message="this is not the pin expected [true] but found [false]">
      <![CDATA[java.lang.AssertionError: this is not the pin expected [true] but found [false]
at test.ValidationChrome.validateDeliveryPincode(ValidationChrome.java:151)
at java.base/java.util.ArrayList.forEach(ArrayList.java:1511)
... Removed 30 stack frames]]>
    </failure>
  </testcase> <!-- validateDeliveryPincode -->
  <testcase classname="test.ValidationChrome" name="validateIframe" time="5.45">
    <failure type="org.openqa.selenium.NoSuchElementException" message="no such element: Unable to locate element: {&amp;quot;method&amp;quot;:&amp;quot;xpath&amp;quot;,&amp;quot;selector&amp;quot;:&amp;quot;//a[@class=&amp;apos;a-link-normal sp_hqp_shared_adLink a-text-normal&amp;apos;]&amp;quot;}
  (Session info: chrome=98.0.4758.82)
For documentation on this error, please visit: https://www.seleniumhq.org/exceptions/no_such_element.html
Build info: version: &amp;apos;3.141.59&amp;apos;, revision: &amp;apos;e82be7d358&amp;apos;, time: &amp;apos;2018-11-14T08:17:03&amp;apos;
System info: host: &amp;apos;LAPTOP-EMDLV1KE&amp;apos;, ip: &amp;apos;10.0.0.110&amp;apos;, os.name: &amp;apos;Windows 10&amp;apos;, os.arch: &amp;apos;amd64&amp;apos;, os.version: &amp;apos;10.0&amp;apos;, java.version: &amp;apos;17.0.1&amp;apos;
Driver info: org.openqa.selenium.remote.RemoteWebDriver
Capabilities {acceptInsecureCerts: false, browserName: chrome, browserVersion: 98.0.4758.82, chrome: {chromedriverVersion: 97.0.4692.71 (adefa7837d02a..., userDataDir: C:\Users\pavit\AppData\Loca...}, goog:chromeOptions: {debuggerAddress: localhost:60354}, javascriptEnabled: true, networkConnectionEnabled: false, pageLoadStrategy: normal, platform: ANY, platformName: ANY, proxy: Proxy(), se:cdp: ws://10.0.0.110:4444/sessio..., se:cdpVersion: 98.0.4758.82, setWindowRect: true, strictFileInteractability: false, timeouts: {implicit: 0, pageLoad: 300000, script: 30000}, unhandledPromptBehavior: dismiss and notify, webauthn:extension:credBlob: true, webauthn:extension:largeBlob: true, webauthn:virtualAuthenticators: true}
Session ID: dfede97a1c198903523e95cc2c6a2864
*** Element info: {Using=xpath, value=//a[@class=&amp;apos;a-link-normal sp_hqp_shared_adLink a-text-normal&amp;apos;]}">
      <![CDATA[org.openqa.selenium.NoSuchElementException: no such element: Unable to locate element: {"method":"xpath","selector":"//a[@class='a-link-normal sp_hqp_shared_adLink a-text-normal']"}
  (Session info: chrome=98.0.4758.82)
For documentation on this error, please visit: https://www.seleniumhq.org/exceptions/no_such_element.html
Build info: version: '3.141.59', revision: 'e82be7d358', time: '2018-11-14T08:17:03'
System info: host: 'LAPTOP-EMDLV1KE', ip: '10.0.0.110', os.name: 'Windows 10', os.arch: 'amd64', os.version: '10.0', java.version: '17.0.1'
Driver info: org.openqa.selenium.remote.RemoteWebDriver
Capabilities {acceptInsecureCerts: false, browserName: chrome, browserVersion: 98.0.4758.82, chrome: {chromedriverVersion: 97.0.4692.71 (adefa7837d02a..., userDataDir: C:\Users\pavit\AppData\Loca...}, goog:chromeOptions: {debuggerAddress: localhost:60354}, javascriptEnabled: true, networkConnectionEnabled: false, pageLoadStrategy: normal, platform: ANY, platformName: ANY, proxy: Proxy(), se:cdp: ws://10.0.0.110:4444/sessio..., se:cdpVersion: 98.0.4758.82, setWindowRect: true, strictFileInteractability: false, timeouts: {implicit: 0, pageLoad: 300000, script: 30000}, unhandledPromptBehavior: dismiss and notify, webauthn:extension:credBlob: true, webauthn:extension:largeBlob: true, webauthn:virtualAuthenticators: true}
Session ID: dfede97a1c198903523e95cc2c6a2864
*** Element info: {Using=xpath, value=//a[@class='a-link-normal sp_hqp_shared_adLink a-text-normal']}
at org.openqa.selenium.remote.http.W3CHttpResponseCodec.createException(W3CHttpResponseCodec.java:187)
at org.openqa.selenium.remote.http.W3CHttpResponseCodec.decode(W3CHttpResponseCodec.java:122)
at org.openqa.selenium.remote.http.W3CHttpResponseCodec.decode(W3CHttpResponseCodec.java:49)
at org.openqa.selenium.remote.HttpCommandExecutor.execute(HttpCommandExecutor.java:158)
at org.openqa.selenium.remote.RemoteWebDriver.execute(RemoteWebDriver.java:552)
at org.openqa.selenium.remote.RemoteWebDriver.findElement(RemoteWebDriver.java:323)
at org.openqa.selenium.remote.RemoteWebDriver.findElementByXPath(RemoteWebDriver.java:428)
at org.openqa.selenium.By$ByXPath.findElement(By.java:353)
at org.openqa.selenium.remote.RemoteWebDriver.findElement(RemoteWebDriver.java:315)
at org.openqa.selenium.support.pagefactory.DefaultElementLocator.findElement(DefaultElementLocator.java:69)
at org.openqa.selenium.support.pagefactory.internal.LocatingElementHandler.invoke(LocatingElementHandler.java:38)
at jdk.proxy2/jdk.proxy2.$Proxy14.click(Unknown Source)
at pom.NavigateActions.iframeClickAction(NavigateActions.java:249)
at test.ValidationChrome.validateIframe(ValidationChrome.java:162)
at java.base/java.util.ArrayList.forEach(ArrayList.java:1511)
... Removed 32 stack frames]]>
    </failure>
  </testcase> <!-- validateIframe -->
</testsuite> <!-- Test -->
